Loading libraries for global environment

Attaching package: ‘lubridate’

The following objects are masked from ‘package:data.table’:

    hour, mday, month, quarter, wday, week, yday, year

Loading required package: plyr

Attaching package: ‘plyr’

The following object is masked from ‘package:lubridate’:

    here


Attaching package: ‘reshape’

The following objects are masked from ‘package:plyr’:

    rename, round_any

The following object is masked from ‘package:lubridate’:

    stamp

Loading required package: bitops
Loading helper libraries
Reading and munging attendance data
Translating SchoolIDs to school initials . . . 
Change intials from character to factor with new order . . . 
Creating output tables
Getting first day of school and current day information
Error in source(serverR, local = new.env(parent = .GlobalEnv)) : 
  /home/chaid/ShinyApps/war/server.R:87:3: unexpected symbol
86:                                               PctAtt=round(PctPresnet*100,1))]
87:   output
      ^
Calls: runApp ... eval.parent -> eval -> eval -> eval -> eval -> source
Execution halted
