Loading libraries for global environment

Attaching package: ‘lubridate’

The following objects are masked from ‘package:data.table’:

    hour, mday, month, quarter, wday, week, yday, year

Loading required package: plyr

Attaching package: ‘plyr’

The following object is masked from ‘package:lubridate’:

    here


Attaching package: ‘reshape’

The following objects are masked from ‘package:plyr’:

    rename, round_any

The following object is masked from ‘package:lubridate’:

    stamp

Loading required package: bitops
Loading helper libraries
Reading and munging attendance data
Translating SchoolIDs to school initials . . . 
Change intials from character to factor with new order . . . 
Creating output tables
Getting first day of school and current day information
Get IMPACT data from google spreadsheet
Create PowerSchool/Impact summary table(s)
Summarizing PowerSchool data
Appending Impact Data

Listening on port 56742
Error in source(filePath, local = new.env(parent = .GlobalEnv)) : 
  /home/chaid/ShinyApps/war/ui.R:48:20: unexpected symbol
47:                    h3("Transfers")
48:                    plotOutput
                       ^
Get IMPACT data from google spreadsheet
Create PowerSchool/Impact summary table(s)
Summarizing PowerSchool data
Appending Impact Data
Error in setkey(Xfers.HSR.1314, EXITCODE) : 
  object 'Xfers.HSR.1314' not found
Get IMPACT data from google spreadsheet
Create PowerSchool/Impact summary table(s)
Summarizing PowerSchool data
Appending Impact Data
Error in setkey(Xfers.HSR.1314, EXITCODE) : 
  object 'Xfers.HSR.1314' not found
Error in setkey(Xfers.HSR.1314, EXITCODE) : 
  object 'Xfers.HSR.1314' not found
Error in setkey(Xfers.HSR.1314, EXITCODE) : 
  object 'Xfers.HSR.1314' not found
Error in setkey(Xfers.HSR.1314, EXITCODE) : 
  object 'Xfers.HSR.1314' not found

Execution halted
Warning message:
In rm(list = as.character(handle), pos = .wsconns) :
  object '68547120' not found
