Loading libraries for global environment

Attaching package: ‘lubridate’

The following objects are masked from ‘package:data.table’:

    hour, mday, month, quarter, wday, week, yday, year

Loading required package: plyr

Attaching package: ‘plyr’

The following object is masked from ‘package:lubridate’:

    here


Attaching package: ‘reshape’

The following objects are masked from ‘package:plyr’:

    rename, round_any

The following object is masked from ‘package:lubridate’:

    stamp

Loading required package: bitops
Loading helper libraries
Reading and munging attendance data
Translating SchoolIDs to school initials . . . 
Change intials from character to factor with new order . . . 
Creating attendance output tables
Reading and munging transfer data
Error in eval(expr, envir, enclos) : 
  could not find function "transferplot.data.prep"
Calls: runApp ... eval -> eval -> source -> withVisible -> eval -> eval
Execution halted
